#list of commands we support
condor_checkpoint
condor_check_userlogs
condor_compile
condor_config_val
condor_findhost
condor_gather_info
condor_history
condor_hold
condor_prio
condor_q
condor_qedit
condor_release
condor_reschedule
condor_rm
condor_router_history
condor_router_q
condor_router_rm
condor_run
condor_ssh_to_job
condor_stats
condor_status
condor_submit
condor_submit_dag
condor_transfer_data
condor_userlog
condor_userlog_job_counter
condor_userprio
condor_vacate
condor_vacate_job
condor_version
condor_wait
